{
  "RSpec": {
    "coverage": {
      "/Users/hugotamaki/workspace/github_fetcher/app/helpers/application_helper.rb": {
        "lines": [
          1,
          1,
          null,
          7,
          null,
          null,
          null,
          null,
          null
        ]
      },
      "/Users/hugotamaki/workspace/github_fetcher/app/helpers/github_profiles_helper.rb": {
        "lines": [
          1,
          null
        ]
      },
      "/Users/hugotamaki/workspace/github_fetcher/app/models/github_profile.rb": {
        "lines": [
          1,
          1,
          1,
          1,
          null,
          1,
          4,
          null,
          null,
          null,
          null,
          null
        ]
      },
      "/Users/hugotamaki/workspace/github_fetcher/app/models/application_record.rb": {
        "lines": [
          1,
          1,
          null
        ]
      },
      "/Users/hugotamaki/workspace/github_fetcher/app/services/convert_abreviated_to_number.rb": {
        "lines": [
          1,
          1,
          null,
          null,
          null,
          null,
          null,
          null,
          null,
          null,
          1,
          20,
          20,
          null,
          20,
          null,
          20,
          null,
          20,
          9,
          null,
          11,
          11,
          11,
          null,
          null,
          20,
          null,
          null
        ]
      },
      "/Users/hugotamaki/workspace/github_fetcher/app/services/application_service.rb": {
        "lines": [
          1,
          1,
          null,
          1,
          42,
          null,
          null,
          1,
          42,
          42,
          42,
          null,
          null,
          1,
          0,
          null,
          null,
          1,
          26,
          null,
          null,
          1,
          null,
          1,
          29,
          29,
          29,
          null,
          null,
          1,
          13,
          13,
          13,
          null,
          null
        ]
      },
      "/Users/hugotamaki/workspace/github_fetcher/app/services/fetch_github_profile.rb": {
        "lines": [
          1,
          1,
          null,
          1,
          19,
          19,
          null,
          19,
          19,
          null,
          8,
          null,
          null,
          1,
          null,
          1,
          19,
          18,
          null,
          null,
          1,
          8,
          8,
          8,
          null,
          8,
          8,
          null,
          8,
          null,
          8,
          8,
          8,
          8,
          8,
          8,
          8,
          8,
          null,
          8,
          null,
          null,
          null,
          null,
          null,
          null,
          null,
          null,
          null,
          null,
          0,
          null,
          null,
          1,
          1,
          1,
          null,
          null,
          1,
          8,
          8,
          null,
          null,
          1,
          8,
          null,
          null,
          1,
          8,
          8,
          8,
          null,
          null,
          1,
          8,
          8,
          8,
          null,
          null,
          1,
          8,
          8,
          8,
          8,
          null,
          0,
          null,
          null,
          null
        ]
      },
      "/Users/hugotamaki/workspace/github_fetcher/app/services/shorten_url.rb": {
        "lines": [
          1,
          1,
          null,
          1,
          3,
          3,
          null,
          null,
          1,
          null,
          1,
          3,
          null,
          2,
          2,
          2,
          null,
          2,
          null,
          null,
          null,
          null,
          2,
          null,
          null,
          null,
          2,
          null,
          2,
          1,
          1,
          null,
          1,
          null,
          null,
          0,
          null,
          null
        ]
      },
      "/Users/hugotamaki/workspace/github_fetcher/app/controllers/github_profiles_controller.rb": {
        "lines": [
          1,
          1,
          6,
          4,
          null,
          2,
          null,
          null,
          null,
          1,
          2,
          null,
          null,
          1,
          1,
          null,
          null,
          1,
          4,
          null,
          4,
          null,
          4,
          4,
          null,
          null,
          null,
          null,
          4,
          null,
          2,
          null,
          2,
          null,
          null,
          2,
          2,
          null,
          0,
          0,
          null,
          null,
          null,
          1,
          2,
          null,
          2,
          2,
          null,
          0,
          null,
          null,
          null,
          1,
          null,
          null,
          1,
          8,
          null,
          8,
          null,
          8,
          null,
          5,
          5,
          null,
          5,
          null,
          5,
          3,
          null,
          2,
          2,
          null,
          null,
          null,
          1,
          null,
          1,
          5,
          5,
          null,
          null,
          1,
          7,
          7,
          null,
          null,
          1,
          12,
          null,
          null,
          1,
          5,
          4,
          null,
          1,
          null,
          null,
          null
        ]
      },
      "/Users/hugotamaki/workspace/github_fetcher/app/controllers/application_controller.rb": {
        "lines": [
          1,
          null,
          1,
          null
        ]
      }
    },
    "timestamp": 1760394327
  }
}
